Requirement already satisfied: pip in /home/ron/snap/code/202/.local/share/pypoetry/venv/lib/python3.12/site-packages (24.0)
Collecting pip
  WARNING: Retrying (Retry(total=4, connect=None, read=None, redirect=None, status=None)) after connection broken by 'SSLError(SSLEOFError(8, '[SSL: UNEXPECTED_EOF_WHILE_READING] EOF occurred in violation of protocol (_ssl.c:1000)'))': /packages/b7/3f/945ef7ab14dc4f9d7f40288d2df998d1837ee0888ec3659c813487572faa/pip-25.2-py3-none-any.whl.metadata
  WARNING: Retrying (Retry(total=3, connect=None, read=None, redirect=None, status=None)) after connection broken by 'SSLError(SSLEOFError(8, '[SSL: UNEXPECTED_EOF_WHILE_READING] EOF occurred in violation of protocol (_ssl.c:1000)'))': /packages/b7/3f/945ef7ab14dc4f9d7f40288d2df998d1837ee0888ec3659c813487572faa/pip-25.2-py3-none-any.whl.metadata
  WARNING: Retrying (Retry(total=2, connect=None, read=None, redirect=None, status=None)) after connection broken by 'SSLError(SSLEOFError(8, '[SSL: UNEXPECTED_EOF_WHILE_READING] EOF occurred in violation of protocol (_ssl.c:1000)'))': /packages/b7/3f/945ef7ab14dc4f9d7f40288d2df998d1837ee0888ec3659c813487572faa/pip-25.2-py3-none-any.whl.metadata
  WARNING: Retrying (Retry(total=1, connect=None, read=None, redirect=None, status=None)) after connection broken by 'SSLError(SSLEOFError(8, '[SSL: UNEXPECTED_EOF_WHILE_READING] EOF occurred in violation of protocol (_ssl.c:1000)'))': /packages/b7/3f/945ef7ab14dc4f9d7f40288d2df998d1837ee0888ec3659c813487572faa/pip-25.2-py3-none-any.whl.metadata
  WARNING: Retrying (Retry(total=0, connect=None, read=None, redirect=None, status=None)) after connection broken by 'SSLError(SSLEOFError(8, '[SSL: UNEXPECTED_EOF_WHILE_READING] EOF occurred in violation of protocol (_ssl.c:1000)'))': /packages/b7/3f/945ef7ab14dc4f9d7f40288d2df998d1837ee0888ec3659c813487572faa/pip-25.2-py3-none-any.whl.metadata
ERROR: Could not install packages due to an OSError: HTTPSConnectionPool(host='files.pythonhosted.org', port=443): Max retries exceeded with url: /packages/b7/3f/945ef7ab14dc4f9d7f40288d2df998d1837ee0888ec3659c813487572faa/pip-25.2-py3-none-any.whl.metadata (Caused by SSLError(SSLEOFError(8, '[SSL: UNEXPECTED_EOF_WHILE_READING] EOF occurred in violation of protocol (_ssl.c:1000)')))


Traceback:

  File "/mnt/windows/Users/LEGION/Desktop/kcna/devops-directive-kubernetes-course-main/06-demo-application/install-poetry.py", line 937, in main
    return installer.run()
           ^^^^^^^^^^^^^^^
  File "/mnt/windows/Users/LEGION/Desktop/kcna/devops-directive-kubernetes-course-main/06-demo-application/install-poetry.py", line 574, in run
    self.install(version)
  File "/mnt/windows/Users/LEGION/Desktop/kcna/devops-directive-kubernetes-course-main/06-demo-application/install-poetry.py", line 595, in install
    with self.make_env(version) as env:
  File "/nix/store/c7ycrgwv039nqglbif98yggx211sdbcl-python3-3.12.3/lib/python3.12/contextlib.py", line 137, in __enter__
    return next(self.gen)
           ^^^^^^^^^^^^^^
  File "/mnt/windows/Users/LEGION/Desktop/kcna/devops-directive-kubernetes-course-main/06-demo-application/install-poetry.py", line 667, in make_env
    raise e
  File "/mnt/windows/Users/LEGION/Desktop/kcna/devops-directive-kubernetes-course-main/06-demo-application/install-poetry.py", line 653, in make_env
    yield VirtualEnvironment.make(env_path)
          ^^^^^^^^^^^^^^^^^^^^^^^^^^^^^^^^^
  File "/mnt/windows/Users/LEGION/Desktop/kcna/devops-directive-kubernetes-course-main/06-demo-application/install-poetry.py", line 366, in make
    env.pip("install", "--disable-pip-version-check", "--upgrade", "pip")
  File "/mnt/windows/Users/LEGION/Desktop/kcna/devops-directive-kubernetes-course-main/06-demo-application/install-poetry.py", line 389, in pip
    return self.python("-m", "pip", *args, **kwargs)
           ^^^^^^^^^^^^^^^^^^^^^^^^^^^^^^^^^^^^^^^^^
  File "/mnt/windows/Users/LEGION/Desktop/kcna/devops-directive-kubernetes-course-main/06-demo-application/install-poetry.py", line 386, in python
    return self.run(self._python, *args, **kwargs)
           ^^^^^^^^^^^^^^^^^^^^^^^^^^^^^^^^^^^^^^^
  File "/mnt/windows/Users/LEGION/Desktop/kcna/devops-directive-kubernetes-course-main/06-demo-application/install-poetry.py", line 379, in run
    raise PoetryInstallationError(
